<?xml version="1.0" encoding="UTF-8"?>
<testsuite xmlns:xsi="http://www.w3.org/2001/XMLSchema-instance" xsi:noNamespaceSchemaLocation="https://maven.apache.org/surefire/maven-surefire-plugin/xsd/surefire-test-report.xsd" name="TrocoTest" time="0" tests="5" errors="3" skipped="0" failures="0">
  <properties>
    <property name="java.specification.version" value="19"/>
    <property name="sun.cpu.isalist" value="amd64"/>
    <property name="sun.jnu.encoding" value="Cp1252"/>
    <property name="java.class.path" value="C:\Users\mathe\Documents\FEI\8_semester\tests\CC8550-Ativ5\Source Code Inspection\src\br\calebe\target\test-classes;C:\Users\mathe\Documents\FEI\8_semester\tests\CC8550-Ativ5\Source Code Inspection\src\br\calebe\target\classes;C:\Users\mathe\.m2\repository\junit\junit\4.11\junit-4.11.jar;C:\Users\mathe\.m2\repository\org\hamcrest\hamcrest-core\1.3\hamcrest-core-1.3.jar;"/>
    <property name="java.vm.vendor" value="Oracle Corporation"/>
    <property name="sun.arch.data.model" value="64"/>
    <property name="user.variant" value=""/>
    <property name="java.vendor.url" value="https://java.oracle.com/"/>
    <property name="user.timezone" value="America/Sao_Paulo"/>
    <property name="os.name" value="Windows 11"/>
    <property name="java.vm.specification.version" value="19"/>
    <property name="sun.java.launcher" value="SUN_STANDARD"/>
    <property name="user.country" value="BR"/>
    <property name="sun.boot.library.path" value="C:\Program Files\Java\jdk-19\bin"/>
    <property name="sun.java.command" value="C:\Users\mathe\AppData\Local\Temp\surefire12842887364773307683\surefirebooter17143142639455857857.jar C:\Users\mathe\AppData\Local\Temp\surefire12842887364773307683 2022-10-09T21-05-24_345-jvmRun1 surefire14345847691970684339tmp surefire_011972922973108145864tmp"/>
    <property name="jdk.debug" value="release"/>
    <property name="surefire.test.class.path" value="C:\Users\mathe\Documents\FEI\8_semester\tests\CC8550-Ativ5\Source Code Inspection\src\br\calebe\target\test-classes;C:\Users\mathe\Documents\FEI\8_semester\tests\CC8550-Ativ5\Source Code Inspection\src\br\calebe\target\classes;C:\Users\mathe\.m2\repository\junit\junit\4.11\junit-4.11.jar;C:\Users\mathe\.m2\repository\org\hamcrest\hamcrest-core\1.3\hamcrest-core-1.3.jar;"/>
    <property name="sun.cpu.endian" value="little"/>
    <property name="user.home" value="C:\Users\mathe"/>
    <property name="user.language" value="pt"/>
    <property name="java.specification.vendor" value="Oracle Corporation"/>
    <property name="java.version.date" value="2022-09-20"/>
    <property name="java.home" value="C:\Program Files\Java\jdk-19"/>
    <property name="file.separator" value="\"/>
    <property name="basedir" value="C:\Users\mathe\Documents\FEI\8_semester\tests\CC8550-Ativ5\Source Code Inspection\src\br\calebe"/>
    <property name="java.vm.compressedOopsMode" value="Zero based"/>
    <property name="line.separator" value="&#10;"/>
    <property name="java.vm.specification.vendor" value="Oracle Corporation"/>
    <property name="java.specification.name" value="Java Platform API Specification"/>
    <property name="surefire.real.class.path" value="C:\Users\mathe\AppData\Local\Temp\surefire12842887364773307683\surefirebooter17143142639455857857.jar"/>
    <property name="user.script" value=""/>
    <property name="sun.management.compiler" value="HotSpot 64-Bit Tiered Compilers"/>
    <property name="java.runtime.version" value="19+36-2238"/>
    <property name="user.name" value="mathe"/>
    <property name="stdout.encoding" value="Cp1252"/>
    <property name="path.separator" value=";"/>
    <property name="os.version" value="10.0"/>
    <property name="java.runtime.name" value="Java(TM) SE Runtime Environment"/>
    <property name="file.encoding" value="UTF-8"/>
    <property name="java.vm.name" value="Java HotSpot(TM) 64-Bit Server VM"/>
    <property name="localRepository" value="C:\Users\mathe\.m2\repository"/>
    <property name="java.vendor.url.bug" value="https://bugreport.java.com/bugreport/"/>
    <property name="java.io.tmpdir" value="C:\Users\mathe\AppData\Local\Temp\"/>
    <property name="java.version" value="19"/>
    <property name="user.dir" value="C:\Users\mathe\Documents\FEI\8_semester\tests\CC8550-Ativ5\Source Code Inspection\src\br\calebe"/>
    <property name="os.arch" value="amd64"/>
    <property name="java.vm.specification.name" value="Java Virtual Machine Specification"/>
    <property name="sun.os.patch.level" value=""/>
    <property name="native.encoding" value="Cp1252"/>
    <property name="java.library.path" value="C:\Program Files\Java\jdk-19\bin;C:\WINDOWS\Sun\Java\bin;C:\WINDOWS\system32;C:\WINDOWS;C:\Program Files\Common Files\Oracle\Java\javapath;C:\Python310\Scripts\;C:\Python310\;C:\Program Files (x86)\Common Files\Oracle\Java\javapath;C:\Windows\system32;C:\Windows;C:\Windows\System32\Wbem;C:\Windows\System32\WindowsPowerShell\v1.0\;C:\Windows\System32\OpenSSH\;C:\Program Files (x86)\NVIDIA Corporation\PhysX\Common;C:\Program Files\NVIDIA Corporation\NVIDIA NvDLISR;C:\Program Files\Git\cmd;C:\Program Files\dotnet\;C:\Program Files\Microsoft SQL Server\150\Tools\Binn\;C:\Program Files\Microsoft SQL Server\Client SDK\ODBC\170\Tools\Binn\;C:\Program Files\Docker\Docker\resources\bin;C:\ProgramData\DockerDesktop\version-bin;C:\WINDOWS\system32;C:\WINDOWS;C:\WINDOWS\System32\Wbem;C:\WINDOWS\System32\WindowsPowerShell\v1.0\;C:\WINDOWS\System32\OpenSSH\;C:\Program Files\nodejs\;C:\ProgramData\chocolatey\bin;C:\Program Files\Maven\apache-maven-3.8.6\bin;C:\Users\mathe\anaconda3;C:\Users\mathe\anaconda3\Library\mingw-w64\bin;C:\Users\mathe\anaconda3\Library\usr\bin;C:\Users\mathe\anaconda3\Library\bin;C:\Users\mathe\anaconda3\Scripts;C:\Users\mathe\AppData\Local\Microsoft\WindowsApps;C:\Users\mathe\AppData\Local\Programs\MicrosoftVSCode\bin;C:\Users\mathe\AppData\Local\GitHubDesktop\bin;C:\msys64\mingw64\bin;C:\Users\mathe\arduino-cli;C:\Users\mathe\AppData\Roaming\npm;C:\Users\mathe\.dotnet\tools;."/>
    <property name="java.vm.info" value="mixed mode, sharing"/>
    <property name="stderr.encoding" value="Cp1252"/>
    <property name="java.vendor" value="Oracle Corporation"/>
    <property name="java.vm.version" value="19+36-2238"/>
    <property name="sun.io.unicode.encoding" value="UnicodeLittle"/>
    <property name="java.class.version" value="63.0"/>
  </properties>
  <testcase name="checkQuantityOfBankNotesInTroco" classname="TrocoTest" time="0">
    <error message="Cannot invoke &quot;core.PapelMoeda.getQuantidade()&quot; because &quot;papelMoeda&quot; is null" type="java.lang.NullPointerException">java.lang.NullPointerException: Cannot invoke "core.PapelMoeda.getQuantidade()" because "papelMoeda" is null
	at TrocoTest.checkQuantityOfBankNotesInTroco(TrocoTest.java:41)
</error>
  </testcase>
  <testcase name="checkSuccessTrocoContructor" classname="TrocoTest" time="0"/>
  <testcase name="checkSuccessTrocoIteratorConstructor" classname="TrocoTest" time="0"/>
  <testcase name="checkInvalidBankNote" classname="TrocoTest" time="0">
    <error message="Cannot invoke &quot;core.PapelMoeda.getQuantidade()&quot; because &quot;papelMoeda&quot; is null" type="java.lang.NullPointerException">java.lang.NullPointerException: Cannot invoke "core.PapelMoeda.getQuantidade()" because "papelMoeda" is null
	at TrocoTest.checkInvalidBankNote(TrocoTest.java:90)
</error>
  </testcase>
  <testcase name="checkTrocoWithOnlyBankNote100" classname="TrocoTest" time="0">
    <error message="Cannot invoke &quot;core.PapelMoeda.getQuantidade()&quot; because &quot;papelMoeda&quot; is null" type="java.lang.NullPointerException">java.lang.NullPointerException: Cannot invoke "core.PapelMoeda.getQuantidade()" because "papelMoeda" is null
	at TrocoTest.checkTrocoWithOnlyBankNote100(TrocoTest.java:66)
</error>
  </testcase>
</testsuite>